  [1m[35m (5.4ms)[0m  [1m[35mCREATE TABLE "schema_migrations" ("version" character varying NOT NULL PRIMARY KEY)[0m
  [1m[35m (21.3ms)[0m  [1m[35mCREATE TABLE "ar_internal_metadata" ("key" character varying NOT NULL PRIMARY KEY, "value" character varying, "created_at" timestamp NOT NULL, "updated_at" timestamp NOT NULL)[0m
  [1m[35m (0.2ms)[0m  [1m[34mSELECT pg_try_advisory_lock(1353249769094757870)[0m
  [1m[35m (0.6ms)[0m  [1m[34mSELECT "schema_migrations"."version" FROM "schema_migrations" ORDER BY "schema_migrations"."version" ASC[0m
Migrating to CreateCities (20180403013053)
  [1m[35m (0.2ms)[0m  [1m[35mBEGIN[0m
  [1m[35m (18.2ms)[0m  [1m[35mCREATE TABLE "cities" ("id" bigserial primary key, "name" text, "image" text, "population" integer, "house_id" integer, "region_id" integer, "created_at" timestamp NOT NULL, "updated_at" timestamp NOT NULL)[0m
  [1m[35mSQL (0.6ms)[0m  [1m[32mINSERT INTO "schema_migrations" ("version") VALUES ($1) RETURNING "version"[0m  [["version", "20180403013053"]]
  [1m[35m (5.1ms)[0m  [1m[35mCOMMIT[0m
  [1m[36mActiveRecord::InternalMetadata Load (0.3ms)[0m  [1m[34mSELECT  "ar_internal_metadata".* FROM "ar_internal_metadata" WHERE "ar_internal_metadata"."key" = $1 LIMIT $2[0m  [["key", "environment"], ["LIMIT", 1]]
  [1m[35m (0.1ms)[0m  [1m[35mBEGIN[0m
  [1m[35mSQL (0.4ms)[0m  [1m[32mINSERT INTO "ar_internal_metadata" ("key", "value", "created_at", "updated_at") VALUES ($1, $2, $3, $4) RETURNING "key"[0m  [["key", "environment"], ["value", "development"], ["created_at", "2018-04-03 01:31:17.899242"], ["updated_at", "2018-04-03 01:31:17.899242"]]
  [1m[35m (0.6ms)[0m  [1m[35mCOMMIT[0m
  [1m[35m (0.3ms)[0m  [1m[34mSELECT pg_advisory_unlock(1353249769094757870)[0m
  [1m[35m (0.3ms)[0m  [1m[34mSELECT "schema_migrations"."version" FROM "schema_migrations" ORDER BY "schema_migrations"."version" ASC[0m
  [1m[35m (0.2ms)[0m  [1m[34mSELECT pg_try_advisory_lock(1353249769094757870)[0m
  [1m[35m (0.7ms)[0m  [1m[34mSELECT "schema_migrations"."version" FROM "schema_migrations" ORDER BY "schema_migrations"."version" ASC[0m
Migrating to CreateHouses (20180403014120)
  [1m[35m (0.2ms)[0m  [1m[35mBEGIN[0m
  [1m[35m (22.0ms)[0m  [1m[35mCREATE TABLE "houses" ("id" bigserial primary key, "name" text, "lord" text, "heir" text, "words" text, "image" text, "created_at" timestamp NOT NULL, "updated_at" timestamp NOT NULL)[0m
  [1m[35mSQL (0.8ms)[0m  [1m[32mINSERT INTO "schema_migrations" ("version") VALUES ($1) RETURNING "version"[0m  [["version", "20180403014120"]]
  [1m[35m (0.5ms)[0m  [1m[35mCOMMIT[0m
  [1m[36mActiveRecord::InternalMetadata Load (1.0ms)[0m  [1m[34mSELECT  "ar_internal_metadata".* FROM "ar_internal_metadata" WHERE "ar_internal_metadata"."key" = $1 LIMIT $2[0m  [["key", "environment"], ["LIMIT", 1]]
  [1m[35m (0.2ms)[0m  [1m[35mBEGIN[0m
  [1m[35m (0.1ms)[0m  [1m[35mCOMMIT[0m
  [1m[35m (0.2ms)[0m  [1m[34mSELECT pg_advisory_unlock(1353249769094757870)[0m
  [1m[35m (0.3ms)[0m  [1m[34mSELECT "schema_migrations"."version" FROM "schema_migrations" ORDER BY "schema_migrations"."version" ASC[0m
  [1m[35m (0.1ms)[0m  [1m[34mSELECT pg_try_advisory_lock(1353249769094757870)[0m
  [1m[35m (0.6ms)[0m  [1m[34mSELECT "schema_migrations"."version" FROM "schema_migrations" ORDER BY "schema_migrations"."version" ASC[0m
Migrating to CreateRegions (20180403014305)
  [1m[35m (0.1ms)[0m  [1m[35mBEGIN[0m
  [1m[35m (8.8ms)[0m  [1m[35mCREATE TABLE "regions" ("id" bigserial primary key, "name" text, "culture" text, "religion" text, "capital" text, "image" text, "created_at" timestamp NOT NULL, "updated_at" timestamp NOT NULL)[0m
  [1m[35mSQL (0.4ms)[0m  [1m[32mINSERT INTO "schema_migrations" ("version") VALUES ($1) RETURNING "version"[0m  [["version", "20180403014305"]]
  [1m[35m (0.4ms)[0m  [1m[35mCOMMIT[0m
  [1m[36mActiveRecord::InternalMetadata Load (0.3ms)[0m  [1m[34mSELECT  "ar_internal_metadata".* FROM "ar_internal_metadata" WHERE "ar_internal_metadata"."key" = $1 LIMIT $2[0m  [["key", "environment"], ["LIMIT", 1]]
  [1m[35m (0.1ms)[0m  [1m[35mBEGIN[0m
  [1m[35m (0.1ms)[0m  [1m[35mCOMMIT[0m
  [1m[35m (0.2ms)[0m  [1m[34mSELECT pg_advisory_unlock(1353249769094757870)[0m
  [1m[35m (0.4ms)[0m  [1m[34mSELECT "schema_migrations"."version" FROM "schema_migrations" ORDER BY "schema_migrations"."version" ASC[0m
  [1m[35m (0.2ms)[0m  [1m[34mSELECT pg_try_advisory_lock(1353249769094757870)[0m
  [1m[35m (0.7ms)[0m  [1m[34mSELECT "schema_migrations"."version" FROM "schema_migrations" ORDER BY "schema_migrations"."version" ASC[0m
Migrating to CreateUsers (20180403014534)
  [1m[35m (0.3ms)[0m  [1m[35mBEGIN[0m
  [1m[35m (9.3ms)[0m  [1m[35mCREATE TABLE "users" ("id" bigserial primary key, "email" text, "created_at" timestamp NOT NULL, "updated_at" timestamp NOT NULL)[0m
  [1m[35mSQL (0.3ms)[0m  [1m[32mINSERT INTO "schema_migrations" ("version") VALUES ($1) RETURNING "version"[0m  [["version", "20180403014534"]]
  [1m[35m (0.6ms)[0m  [1m[35mCOMMIT[0m
  [1m[36mActiveRecord::InternalMetadata Load (0.3ms)[0m  [1m[34mSELECT  "ar_internal_metadata".* FROM "ar_internal_metadata" WHERE "ar_internal_metadata"."key" = $1 LIMIT $2[0m  [["key", "environment"], ["LIMIT", 1]]
  [1m[35m (0.2ms)[0m  [1m[35mBEGIN[0m
  [1m[35m (0.2ms)[0m  [1m[35mCOMMIT[0m
  [1m[35m (0.3ms)[0m  [1m[34mSELECT pg_advisory_unlock(1353249769094757870)[0m
  [1m[35m (0.2ms)[0m  [1m[34mSELECT "schema_migrations"."version" FROM "schema_migrations" ORDER BY "schema_migrations"."version" ASC[0m
  [1m[35m (0.7ms)[0m  [1m[34mSELECT "schema_migrations"."version" FROM "schema_migrations" ORDER BY "schema_migrations"."version" ASC[0m
  [1m[35m (0.8ms)[0m  [1m[34mSELECT "schema_migrations"."version" FROM "schema_migrations" ORDER BY "schema_migrations"."version" ASC[0m
  [1m[36mUser Load (2.3ms)[0m  [1m[34mSELECT "users".* FROM "users"[0m
  [1m[35m (0.1ms)[0m  [1m[35mBEGIN[0m
  [1m[35m (0.1ms)[0m  [1m[31mROLLBACK[0m
  [1m[35m (0.7ms)[0m  [1m[34mSELECT "schema_migrations"."version" FROM "schema_migrations" ORDER BY "schema_migrations"."version" ASC[0m
  [1m[36mUser Load (0.4ms)[0m  [1m[34mSELECT "users".* FROM "users"[0m
  [1m[35m (0.1ms)[0m  [1m[35mBEGIN[0m
  [1m[35mSQL (0.8ms)[0m  [1m[32mINSERT INTO "users" ("email", "created_at", "updated_at") VALUES ($1, $2, $3) RETURNING "id"[0m  [["email", "james@jack.com"], ["created_at", "2018-04-03 04:01:05.270112"], ["updated_at", "2018-04-03 04:01:05.270112"]]
  [1m[35m (11.6ms)[0m  [1m[35mCOMMIT[0m
  [1m[35m (0.1ms)[0m  [1m[35mBEGIN[0m
  [1m[35mSQL (0.5ms)[0m  [1m[32mINSERT INTO "users" ("email", "created_at", "updated_at") VALUES ($1, $2, $3) RETURNING "id"[0m  [["email", "jack@jack.com"], ["created_at", "2018-04-03 04:01:05.283996"], ["updated_at", "2018-04-03 04:01:05.283996"]]
  [1m[35m (0.4ms)[0m  [1m[35mCOMMIT[0m
  [1m[36mCity Load (2.2ms)[0m  [1m[34mSELECT "cities".* FROM "cities"[0m
  [1m[35m (0.2ms)[0m  [1m[35mBEGIN[0m
  [1m[35mSQL (6.6ms)[0m  [1m[32mINSERT INTO "cities" ("name", "image", "population", "created_at", "updated_at") VALUES ($1, $2, $3, $4, $5) RETURNING "id"[0m  [["name", "King's Landing"], ["image", "https://vignette.wikia.nocookie.net/gameofthrones/images/4/43/GreatSeptExteriors.jpg/revision/latest?cb=20150321161915"], ["population", 1000000], ["created_at", "2018-04-03 04:01:05.305628"], ["updated_at", "2018-04-03 04:01:05.305628"]]
  [1m[35m (5.2ms)[0m  [1m[35mCOMMIT[0m
  [1m[35m (0.2ms)[0m  [1m[35mBEGIN[0m
  [1m[35mSQL (0.4ms)[0m  [1m[32mINSERT INTO "cities" ("name", "image", "population", "created_at", "updated_at") VALUES ($1, $2, $3, $4, $5) RETURNING "id"[0m  [["name", "Winterfell"], ["image", "https://vignette.wikia.nocookie.net/gameofthrones/images/5/50/Winterfell_Exterior.jpg/revision/latest?cb=20110705175851"], ["population", 7000], ["created_at", "2018-04-03 04:01:05.319345"], ["updated_at", "2018-04-03 04:01:05.319345"]]
  [1m[35m (0.4ms)[0m  [1m[35mCOMMIT[0m
  [1m[35m (0.1ms)[0m  [1m[35mBEGIN[0m
  [1m[35mSQL (0.3ms)[0m  [1m[32mINSERT INTO "cities" ("name", "image", "population", "created_at", "updated_at") VALUES ($1, $2, $3, $4, $5) RETURNING "id"[0m  [["name", "The Dreadfort"], ["image", "https://cdna.artstation.com/p/assets/images/images/008/533/990/large/anton-bobrowski-dreadfort.jpg?1513363169"], ["population", 4000], ["created_at", "2018-04-03 04:01:05.321792"], ["updated_at", "2018-04-03 04:01:05.321792"]]
  [1m[35m (0.4ms)[0m  [1m[35mCOMMIT[0m
  [1m[35m (0.1ms)[0m  [1m[35mBEGIN[0m
  [1m[35mSQL (0.3ms)[0m  [1m[32mINSERT INTO "cities" ("name", "image", "population", "created_at", "updated_at") VALUES ($1, $2, $3, $4, $5) RETURNING "id"[0m  [["name", "Braavos"], ["image", "https://vignette.wikia.nocookie.net/gameofthrones/images/4/43/Braavos_5x02.png/revision/latest?cb=20150420161039"], ["population", 900000], ["created_at", "2018-04-03 04:01:05.323731"], ["updated_at", "2018-04-03 04:01:05.323731"]]
  [1m[35m (0.4ms)[0m  [1m[35mCOMMIT[0m
  [1m[35m (0.1ms)[0m  [1m[35mBEGIN[0m
  [1m[35mSQL (0.4ms)[0m  [1m[32mINSERT INTO "cities" ("name", "image", "population", "created_at", "updated_at") VALUES ($1, $2, $3, $4, $5) RETURNING "id"[0m  [["name", "Yin"], ["image", "https://i.ytimg.com/vi/dLqwrfgTEEE/maxresdefault.jpg"], ["population", 1500000], ["created_at", "2018-04-03 04:01:05.325670"], ["updated_at", "2018-04-03 04:01:05.325670"]]
  [1m[35m (0.4ms)[0m  [1m[35mCOMMIT[0m
  [1m[36mHouse Load (2.2ms)[0m  [1m[34mSELECT "houses".* FROM "houses"[0m
  [1m[35m (0.2ms)[0m  [1m[35mBEGIN[0m
  [1m[35mSQL (0.6ms)[0m  [1m[32mINSERT INTO "houses" ("name", "lord", "heir", "words", "image", "created_at", "updated_at") VALUES ($1, $2, $3, $4, $5, $6, $7) RETURNING "id"[0m  [["name", "House Baratheon"], ["lord", "King Joffrey Baratheon"], ["heir", "Prince Tommen Baratheon"], ["words", "Ours is the Fury"], ["image", "http://awoiaf.westeros.org/images/thumb/2/2d/House_Baratheon.svg/1090px-House_Baratheon.svg.png"], ["created_at", "2018-04-03 04:01:05.345960"], ["updated_at", "2018-04-03 04:01:05.345960"]]
  [1m[35m (6.2ms)[0m  [1m[35mCOMMIT[0m
  [1m[35m (0.1ms)[0m  [1m[35mBEGIN[0m
  [1m[35mSQL (0.3ms)[0m  [1m[32mINSERT INTO "houses" ("name", "lord", "heir", "words", "image", "created_at", "updated_at") VALUES ($1, $2, $3, $4, $5, $6, $7) RETURNING "id"[0m  [["name", "House Stark"], ["lord", "Lord Eddard Stark"], ["heir", "Robb Stark"], ["words", "Winter is Coming"], ["image", "http://awoiaf.westeros.org/images/thumb/7/7e/House_Stark.svg/1090px-House_Stark.svg.png"], ["created_at", "2018-04-03 04:01:05.354266"], ["updated_at", "2018-04-03 04:01:05.354266"]]
  [1m[35m (0.4ms)[0m  [1m[35mCOMMIT[0m
  [1m[35m (0.1ms)[0m  [1m[35mBEGIN[0m
  [1m[35mSQL (0.4ms)[0m  [1m[32mINSERT INTO "houses" ("name", "lord", "heir", "words", "image", "created_at", "updated_at") VALUES ($1, $2, $3, $4, $5, $6, $7) RETURNING "id"[0m  [["name", "House Bolton"], ["lord", "Lord Roose Bolton"], ["heir", "Domeric Bolton"], ["words", "Our Blades are Sharp"], ["image", "https://vignette.wikia.nocookie.net/gameofthrones/images/d/dd/House-Bolton-Main-Shield.PNG/revision/latest?cb=20161231131431"], ["created_at", "2018-04-03 04:01:05.356431"], ["updated_at", "2018-04-03 04:01:05.356431"]]
  [1m[35m (0.5ms)[0m  [1m[35mCOMMIT[0m
  [1m[35m (0.2ms)[0m  [1m[35mBEGIN[0m
  [1m[35mSQL (0.4ms)[0m  [1m[32mINSERT INTO "houses" ("name", "lord", "created_at", "updated_at") VALUES ($1, $2, $3, $4) RETURNING "id"[0m  [["name", "House Antaryon"], ["lord", "Sealord Ferrego Antaryon"], ["created_at", "2018-04-03 04:01:05.358895"], ["updated_at", "2018-04-03 04:01:05.358895"]]
  [1m[35m (0.4ms)[0m  [1m[35mCOMMIT[0m
  [1m[35m (0.1ms)[0m  [1m[35mBEGIN[0m
  [1m[35mSQL (0.3ms)[0m  [1m[32mINSERT INTO "houses" ("name", "lord", "heir", "created_at", "updated_at") VALUES ($1, $2, $3, $4, $5) RETURNING "id"[0m  [["name", "House Bu"], ["lord", "God Emperor Bu Gai"], ["heir", "Prince Bu Bai"], ["created_at", "2018-04-03 04:01:05.361166"], ["updated_at", "2018-04-03 04:01:05.361166"]]
  [1m[35m (0.4ms)[0m  [1m[35mCOMMIT[0m
  [1m[36mRegion Load (1.0ms)[0m  [1m[34mSELECT "regions".* FROM "regions"[0m
  [1m[35m (0.1ms)[0m  [1m[35mBEGIN[0m
  [1m[35mSQL (0.5ms)[0m  [1m[32mINSERT INTO "regions" ("name", "culture", "religion", "capital", "image", "created_at", "updated_at") VALUES ($1, $2, $3, $4, $5, $6, $7) RETURNING "id"[0m  [["name", "The Crownlands"], ["culture", "Kingslander"], ["religion", "The Seven"], ["capital", "King's Landing"], ["image", "https://i.pinimg.com/originals/09/ea/55/09ea55595033513b67901ef8ccee2d79.jpg"], ["created_at", "2018-04-03 04:01:05.377208"], ["updated_at", "2018-04-03 04:01:05.377208"]]
  [1m[35m (0.4ms)[0m  [1m[35mCOMMIT[0m
  [1m[35m (0.1ms)[0m  [1m[35mBEGIN[0m
  [1m[35mSQL (0.3ms)[0m  [1m[32mINSERT INTO "regions" ("name", "culture", "religion", "capital", "image", "created_at", "updated_at") VALUES ($1, $2, $3, $4, $5, $6, $7) RETURNING "id"[0m  [["name", "The North"], ["culture", "Northman"], ["religion", "The Old Gods"], ["capital", "Winterfell"], ["image", "http://store44.com/wp-content/uploads/michael-gellatly-world-of-ice-and-fire-north.jpg"], ["created_at", "2018-04-03 04:01:05.379369"], ["updated_at", "2018-04-03 04:01:05.379369"]]
  [1m[35m (0.4ms)[0m  [1m[35mCOMMIT[0m
  [1m[35m (0.1ms)[0m  [1m[35mBEGIN[0m
  [1m[35mSQL (0.4ms)[0m  [1m[32mINSERT INTO "regions" ("name", "culture", "religion", "capital", "image", "created_at", "updated_at") VALUES ($1, $2, $3, $4, $5, $6, $7) RETURNING "id"[0m  [["name", "Braavosian Coastland"], ["culture", "Braavosi"], ["religion", "Many Gods"], ["capital", "Braavos"], ["image", "https://i2.wp.com/www.fantasticmaps.com/wp-content/uploads/2013/03/Braavos_lowres.jpg"], ["created_at", "2018-04-03 04:01:05.381191"], ["updated_at", "2018-04-03 04:01:05.381191"]]
  [1m[35m (0.4ms)[0m  [1m[35mCOMMIT[0m
  [1m[35m (0.1ms)[0m  [1m[35mBEGIN[0m
  [1m[35mSQL (0.3ms)[0m  [1m[32mINSERT INTO "regions" ("name", "culture", "religion", "capital", "image", "created_at", "updated_at") VALUES ($1, $2, $3, $4, $5, $6, $7) RETURNING "id"[0m  [["name", "Yi Ti"], ["culture", "YiTish"], ["religion", "Gods of the Yi Ti"], ["capital", "Yin"], ["image", "https://i0.wp.com/www.fantasticmaps.com/wp-content/uploads/2013/03/TheEast.jpg"], ["created_at", "2018-04-03 04:01:05.383047"], ["updated_at", "2018-04-03 04:01:05.383047"]]
  [1m[35m (0.5ms)[0m  [1m[35mCOMMIT[0m
  [1m[35m (0.2ms)[0m  [1m[35mBEGIN[0m
  [1m[35mSQL (18.1ms)[0m  [1m[33mUPDATE "cities" SET "house_id" = $1, "updated_at" = $2 WHERE "cities"."id" = $3[0m  [["house_id", 1], ["updated_at", "2018-04-03 04:01:05.399316"], ["id", 1]]
  [1m[35m (5.5ms)[0m  [1m[35mCOMMIT[0m
  [1m[35m (0.2ms)[0m  [1m[35mBEGIN[0m
  [1m[35mSQL (0.4ms)[0m  [1m[33mUPDATE "cities" SET "house_id" = $1, "updated_at" = $2 WHERE "cities"."id" = $3[0m  [["house_id", 2], ["updated_at", "2018-04-03 04:01:05.425832"], ["id", 2]]
  [1m[35m (0.5ms)[0m  [1m[35mCOMMIT[0m
  [1m[35m (0.2ms)[0m  [1m[35mBEGIN[0m
  [1m[35mSQL (0.4ms)[0m  [1m[33mUPDATE "cities" SET "house_id" = $1, "updated_at" = $2 WHERE "cities"."id" = $3[0m  [["house_id", 3], ["updated_at", "2018-04-03 04:01:05.428620"], ["id", 3]]
  [1m[35m (0.5ms)[0m  [1m[35mCOMMIT[0m
  [1m[35m (0.1ms)[0m  [1m[35mBEGIN[0m
  [1m[35mSQL (0.4ms)[0m  [1m[33mUPDATE "cities" SET "house_id" = $1, "updated_at" = $2 WHERE "cities"."id" = $3[0m  [["house_id", 4], ["updated_at", "2018-04-03 04:01:05.431162"], ["id", 4]]
  [1m[35m (0.4ms)[0m  [1m[35mCOMMIT[0m
  [1m[35m (0.1ms)[0m  [1m[35mBEGIN[0m
  [1m[35mSQL (0.3ms)[0m  [1m[33mUPDATE "cities" SET "house_id" = $1, "updated_at" = $2 WHERE "cities"."id" = $3[0m  [["house_id", 5], ["updated_at", "2018-04-03 04:01:05.433426"], ["id", 5]]
  [1m[35m (0.4ms)[0m  [1m[35mCOMMIT[0m
  [1m[35m (0.2ms)[0m  [1m[35mBEGIN[0m
  [1m[35mSQL (0.3ms)[0m  [1m[33mUPDATE "cities" SET "region_id" = $1, "updated_at" = $2 WHERE "cities"."id" = $3[0m  [["region_id", 1], ["updated_at", "2018-04-03 04:01:05.436597"], ["id", 1]]
  [1m[35m (0.4ms)[0m  [1m[35mCOMMIT[0m
  [1m[35m (0.1ms)[0m  [1m[35mBEGIN[0m
  [1m[35mSQL (0.4ms)[0m  [1m[33mUPDATE "cities" SET "region_id" = $1, "updated_at" = $2 WHERE "cities"."id" = $3[0m  [["region_id", 2], ["updated_at", "2018-04-03 04:01:05.438609"], ["id", 2]]
  [1m[35m (0.5ms)[0m  [1m[35mCOMMIT[0m
  [1m[35m (0.1ms)[0m  [1m[35mBEGIN[0m
  [1m[35mSQL (0.2ms)[0m  [1m[33mUPDATE "cities" SET "region_id" = $1, "updated_at" = $2 WHERE "cities"."id" = $3[0m  [["region_id", 2], ["updated_at", "2018-04-03 04:01:05.440768"], ["id", 3]]
  [1m[35m (0.4ms)[0m  [1m[35mCOMMIT[0m
  [1m[35m (0.3ms)[0m  [1m[35mBEGIN[0m
  [1m[35mSQL (0.3ms)[0m  [1m[33mUPDATE "cities" SET "region_id" = $1, "updated_at" = $2 WHERE "cities"."id" = $3[0m  [["region_id", 3], ["updated_at", "2018-04-03 04:01:05.442987"], ["id", 4]]
  [1m[35m (0.4ms)[0m  [1m[35mCOMMIT[0m
  [1m[35m (0.1ms)[0m  [1m[35mBEGIN[0m
  [1m[35mSQL (0.3ms)[0m  [1m[33mUPDATE "cities" SET "region_id" = $1, "updated_at" = $2 WHERE "cities"."id" = $3[0m  [["region_id", 4], ["updated_at", "2018-04-03 04:01:05.445141"], ["id", 5]]
  [1m[35m (0.4ms)[0m  [1m[35mCOMMIT[0m
  [1m[36mCity Load (0.4ms)[0m  [1m[34mSELECT  "cities".* FROM "cities" ORDER BY "cities"."id" ASC LIMIT $1[0m  [["LIMIT", 1]]
  [1m[36mRegion Load (0.3ms)[0m  [1m[34mSELECT  "regions".* FROM "regions" ORDER BY "regions"."id" ASC LIMIT $1[0m  [["LIMIT", 1]]
  [1m[36mHouse Load (0.4ms)[0m  [1m[34mSELECT  "houses".* FROM "houses" ORDER BY "houses"."id" ASC LIMIT $1[0m  [["LIMIT", 1]]
